#######################################################################################
# log primitive debug message of FSDB dumping                                         #
# This is for R&D to analyze when there are issues happening when FSDB dump           #
#######################################################################################
ANF: vcsd_get_serial_mode_status('./simv: undefined symbol: vcsd_get_serial_mode_status')
ANF: vcsd_enable_sva_success_callback('./simv: undefined symbol: vcsd_enable_sva_success_callback')
ANF: vcsd_disable_sva_success_callback('./simv: undefined symbol: vcsd_disable_sva_success_callback')
ANF: vcsd_get_power_scope_name('./simv: undefined symbol: vcsd_get_power_scope_name')
ANF: vcsd_begin_no_value_var_info('./simv: undefined symbol: vcsd_begin_no_value_var_info')
ANF: vcsd_end_no_value_var_info('./simv: undefined symbol: vcsd_end_no_value_var_info')
ANF: vcsd_remove_xprop_merge_mode_callback('./simv: undefined symbol: vcsd_remove_xprop_merge_mode_callback')
ANF: vhpi_get_cb_info('./simv: undefined symbol: vhpi_get_cb_info')
ANF: vhpi_free_handle('./simv: undefined symbol: vhpi_free_handle')
ANF: vhpi_fetch_vcsd_handle('./simv: undefined symbol: vhpi_fetch_vcsd_handle')
ANF: vhpi_fetch_vpi_handle('./simv: undefined symbol: vhpi_fetch_vpi_handle')
ANF: vhpi_has_verilog_parent('./simv: undefined symbol: vhpi_has_verilog_parent')
ANF: vhpi_is_verilog_scope('./simv: undefined symbol: vhpi_is_verilog_scope')
ANF: scsd_xprop_is_enabled('./simv: undefined symbol: scsd_xprop_is_enabled')
ANF: scsd_xprop_sig_is_promoted('./simv: undefined symbol: scsd_xprop_sig_is_promoted')
ANF: scsd_xprop_int_xvalue('./simv: undefined symbol: scsd_xprop_int_xvalue')
ANF: scsd_xprop_bool_xvalue('./simv: undefined symbol: scsd_xprop_bool_xvalue')
ANF: scsd_xprop_enum_xvalue('./simv: undefined symbol: scsd_xprop_enum_xvalue')
ANF: scsd_xprop_register_merge_mode_cb('./simv: undefined symbol: scsd_xprop_register_merge_mode_cb')
ANF: scsd_xprop_delete_merge_mode_cb('./simv: undefined symbol: scsd_xprop_delete_merge_mode_cb')
ANF: scsd_xprop_get_merge_mode('./simv: undefined symbol: scsd_xprop_get_merge_mode')
ANF: scsd_thread_get_info('./simv: undefined symbol: scsd_thread_get_info')
ANF: scsd_thread_vc_init('./simv: undefined symbol: scsd_thread_vc_init')
ANF: scsd_master_set_delta_sync_cbk('./simv: undefined symbol: scsd_master_set_delta_sync_cbk')
ANF: scsd_fgp_get_fsdb_cores('./simv: undefined symbol: scsd_fgp_get_fsdb_cores')
ANF: msvEnableDumpingMode('./simv: undefined symbol: msvEnableDumpingMode')
ANF: msvGetVersion('./simv: undefined symbol: msvGetVersion')
ANF: msvGetInstProp('./simv: undefined symbol: msvGetInstProp')
ANF: msvIsSpiceEngineReady('./simv: undefined symbol: msvIsSpiceEngineReady')
ANF: msvSetAddProbeCallback('./simv: undefined symbol: msvSetAddProbeCallback')
ANF: msvGetInstHandle('./simv: undefined symbol: msvGetInstHandle')
ANF: msvGetProbeByInst('./simv: undefined symbol: msvGetProbeByInst')
ANF: msvGetSigHandle('./simv: undefined symbol: msvGetSigHandle')
ANF: msvGetProbeBySig('./simv: undefined symbol: msvGetProbeBySig')
ANF: msvGetProbeInfo('./simv: undefined symbol: msvGetProbeInfo')
ANF: msvRelease('./simv: undefined symbol: msvRelease')
ANF: msvSetVcCallbackFunc('./simv: undefined symbol: msvSetVcCallbackFunc')
ANF: msvCheckVcCallback('./simv: undefined symbol: msvCheckVcCallback')
ANF: msvAddVcCallback('./simv: undefined symbol: msvAddVcCallback')
ANF: msvRemoveVcCallback('./simv: undefined symbol: msvRemoveVcCallback')
ANF: msvGetLatestValue('./simv: undefined symbol: msvGetLatestValue')
ANF: msvSetEndofSimCallback('./simv: undefined symbol: msvSetEndofSimCallback')
ANF: msvIgnoredProbe('./simv: undefined symbol: msvIgnoredProbe')
ANF: msvGetThruNetInfo('./simv: undefined symbol: msvGetThruNetInfo')
ANF: msvFreeThruNetInfo('./simv: undefined symbol: msvFreeThruNetInfo')
ANF: PI_ace_get_output_time_unit('./simv: undefined symbol: PI_ace_get_output_time_unit')
ANF: PI_ace_sim_sync('./simv: undefined symbol: PI_ace_sim_sync')
ANF: msvGetRereadInitFile('./simv: undefined symbol: msvGetRereadInitFile')
ANF: msvSetBeforeRereadCallback('./simv: undefined symbol: msvSetBeforeRereadCallback')
ANF: msvSetAfterRereadCallback('./simv: undefined symbol: msvSetAfterRereadCallback')
ANF: msvSetForceCallback('./simv: undefined symbol: msvSetForceCallback')
ANF: msvSetReleaseCallback('./simv: undefined symbol: msvSetReleaseCallback')
ANF: msvGetForceStatus('./simv: undefined symbol: msvGetForceStatus')
ANF: vhdi_dt_get_type('./simv: undefined symbol: vhdi_dt_get_type')
ANF: vhdi_dt_get_key('./simv: undefined symbol: vhdi_dt_get_key')
ANF: vhdi_dt_get_vhdl_enum_info('./simv: undefined symbol: vhdi_dt_get_vhdl_enum_info')
ANF: vhdi_dt_get_vhdl_physical_info('./simv: undefined symbol: vhdi_dt_get_vhdl_physical_info')
ANF: vhdi_dt_get_vhdl_array_info('./simv: undefined symbol: vhdi_dt_get_vhdl_array_info')
ANF: vhdi_dt_get_vhdl_record_info('./simv: undefined symbol: vhdi_dt_get_vhdl_record_info')
ANF: vhdi_def_traverse_module('./simv: undefined symbol: vhdi_def_traverse_module')
ANF: vhdi_def_traverse_scope('./simv: undefined symbol: vhdi_def_traverse_scope')
ANF: vhdi_def_traverse_variable('./simv: undefined symbol: vhdi_def_traverse_variable')
ANF: vhdi_def_get_module_id_by_vhpi('./simv: undefined symbol: vhdi_def_get_module_id_by_vhpi')
ANF: vhdi_def_get_handle_by_module_id('./simv: undefined symbol: vhdi_def_get_handle_by_module_id')
ANF: vhdi_def_get_variable_info_by_vhpi('./simv: undefined symbol: vhdi_def_get_variable_info_by_vhpi')
ANF: vhdi_def_free('./simv: undefined symbol: vhdi_def_free')
ANF: vhdi_ist_traverse_scope('./simv: undefined symbol: vhdi_ist_traverse_scope')
ANF: vhdi_ist_traverse_variable('./simv: undefined symbol: vhdi_ist_traverse_variable')
ANF: vhdi_ist_convert_by_vhpi('./simv: undefined symbol: vhdi_ist_convert_by_vhpi')
ANF: vhdi_ist_clone('./simv: undefined symbol: vhdi_ist_clone')
ANF: vhdi_ist_free('./simv: undefined symbol: vhdi_ist_free')
ANF: vhdi_ist_hash_key('./simv: undefined symbol: vhdi_ist_hash_key')
ANF: vhdi_ist_compare('./simv: undefined symbol: vhdi_ist_compare')
ANF: vhdi_ist_get_value_addr('./simv: undefined symbol: vhdi_ist_get_value_addr')
ANF: vhdi_set_scsd_callback('./simv: undefined symbol: vhdi_set_scsd_callback')
ANF: vhdi_cbk_set_force_callback('./simv: undefined symbol: vhdi_cbk_set_force_callback')
ANF: vhdi_trigger_init_force('./simv: undefined symbol: vhdi_trigger_init_force')
ANF: vhdi_ist_check_scsd_callback('./simv: undefined symbol: vhdi_ist_check_scsd_callback')
ANF: vhdi_ist_add_scsd_callback('./simv: undefined symbol: vhdi_ist_add_scsd_callback')
ANF: vhdi_ist_remove_scsd_callback('./simv: undefined symbol: vhdi_ist_remove_scsd_callback')
ANF: vhdi_ist_get_scsd_user_data('./simv: undefined symbol: vhdi_ist_get_scsd_user_data')
ANF: vhdi_add_time_change_callback('./simv: undefined symbol: vhdi_add_time_change_callback')
ANF: vhdi_get_real_value_by_value_addr('./simv: undefined symbol: vhdi_get_real_value_by_value_addr')
ANF: vhdi_get_64_value_by_value_addr('./simv: undefined symbol: vhdi_get_64_value_by_value_addr')
ANF: vhdi_xprop_inst_is_promoted('./simv: undefined symbol: vhdi_xprop_inst_is_promoted')
ANF: vdi_ist_convert_by_vhdi('./simv: undefined symbol: vdi_ist_convert_by_vhdi')
ANF: vhdi_ist_get_module_id('./simv: undefined symbol: vhdi_ist_get_module_id')
ANF: vhdi_refine_foreign_scope_type('./simv: undefined symbol: vhdi_refine_foreign_scope_type')
ANF: vhdi_flush_callback('./simv: undefined symbol: vhdi_flush_callback')
ANF: vhdi_set_orig_name('./simv: undefined symbol: vhdi_set_orig_name')
ANF: vhdi_set_dump_pt('./simv: undefined symbol: vhdi_set_dump_pt')
ANF: vhdi_get_fsdb_option('./simv: undefined symbol: vhdi_get_fsdb_option')
ANF: vhdi_fgp_get_mode('./simv: undefined symbol: vhdi_fgp_get_mode')
ANF: vhdi_node_register_composite_var('./simv: undefined symbol: vhdi_node_register_composite_var')
ANF: vhdi_node_analysis('./simv: undefined symbol: vhdi_node_analysis')
ANF: vhdi_node_id('./simv: undefined symbol: vhdi_node_id')
ANF: vhdi_node_ist_check_scsd_callback('./simv: undefined symbol: vhdi_node_ist_check_scsd_callback')
ANF: vhdi_node_ist_add_scsd_callback('./simv: undefined symbol: vhdi_node_ist_add_scsd_callback')
ANF: vhdi_node_ist_get_value_addr('./simv: undefined symbol: vhdi_node_ist_get_value_addr')
VCS compile option:
 option[0]: ./simv
 option[1]: +ntb_random_seed=1
 option[2]: -l
 option[3]: simv.log
 option[4]: +UVM_TESTNAME=test_base
 option[5]: +UVM_VERBOSITY=UVM_MEDIUM
 option[6]: +
 option[7]: +
 option[8]: +UVM_TR_RECORD
 option[9]: +UVM_LOG_RECORD
 option[10]: /tools/synopsys/vcs-mx/vcs-mx/O-2018.09-SP2/linux64/bin/vcs1
 option[11]: -Mcc=gcc
 option[12]: -Mcplusplus=g++
 option[13]: -Masflags=
 option[14]: -Mcfl= -pipe -DVCSMX -DUVM_DPI_DO_TYPE_CHECK -fPIC -O -I/tools/synopsys/vcs-mx/vcs-mx/O-2018.09-SP2/include 
 option[15]: -Mxcflags= -pipe -DVCSMX -DUVM_DPI_DO_TYPE_CHECK -fPIC -I/tools/synopsys/vcs-mx/vcs-mx/O-2018.09-SP2/include
 option[16]: -Mldflags= -rdynamic 
 option[17]: -Mout=simv
 option[18]: -Mamsrun=
 option[19]: -Mvcsaceobjs=
 option[20]: -Mobjects= /tools/synopsys/vcs-mx/vcs-mx/O-2018.09-SP2/linux64/lib/libvirsim.so /tools/synopsys/vcs-mx/vcs-mx/O-2018.09-SP2/linux64/lib/liberrorinf.so /tools/synopsys/vcs-mx/vcs-mx/O-2018.09-SP2/linux64/lib/libsnpsmalloc.so /tools/synopsys/vcs-mx/vcs-mx/O-2018.09-SP2/linux64/lib/libvfs.so 
 option[21]: -Mexternalobj=
 option[22]: -Msaverestoreobj=/tools/synopsys/vcs-mx/vcs-mx/O-2018.09-SP2/linux64/lib/vcs_save_restore_new.o
 option[23]: -Mcrt0=
 option[24]: -Mcrtn=
 option[25]: -Mcsrc=/tools/synopsys/vcs-mx/vcs-mx/O-2018.09-SP2/etc/uvm-1.2/dpi/uvm_dpi.cc /tools/synopsys/vcs-mx/vcs-mx/O-2018.09-SP2/etc/uvm-1.2/verdi/dpi/uvm_verdi_dpi.cpp 
 option[26]: -Msyslibs=/tools/synopsys/verdi/verdi/Verdi_O-2018.09-SP2/share/PLI/VCS/LINUX64/pli.a -ldl 
 option[27]: -l
 option[28]: comp.log
 option[29]: +define+UVM_VERDI_VIF_RECORD
 option[30]: +define+UVM_VCS_RECORD
 option[31]: +incdir+/tools/synopsys/vcs-mx/vcs-mx/O-2018.09-SP2/etc/uvm-1.2/vcs
 option[32]: /tools/synopsys/vcs-mx/vcs-mx/O-2018.09-SP2/etc/uvm-1.2/uvm_pkg.sv
 option[33]: /tools/synopsys/vcs-mx/vcs-mx/O-2018.09-SP2/etc/uvm-1.2/vcs/uvm_custom_install_vcs_recorder.sv
 option[34]: +incdir+/tools/synopsys/vcs-mx/vcs-mx/O-2018.09-SP2/etc/uvm-1.2/verdi
 option[35]: /tools/synopsys/vcs-mx/vcs-mx/O-2018.09-SP2/etc/uvm-1.2/verdi/uvm_custom_install_verdi_recorder.sv
 option[36]: -lca
 option[37]: -debug_access+all
 option[38]: +vpi
 option[39]: +vcsd1
 option[40]: +itf+/tools/synopsys/vcs-mx/vcs-mx/O-2018.09-SP2/linux64/lib/vcsdp_lite.tab
 option[41]: -kdb
 option[42]: -Xufe=2steps
 option[43]: +vcs+vcdpluson
 option[44]: -timescale=1ns/100ps
 option[45]: -ntb_opts
 option[46]: uvm-1.2
 option[47]: +incdir+/tools/synopsys/vcs-mx/vcs-mx/O-2018.09-SP2/etc/uvm-1.2/
 option[48]: +define+UVM_NO_DEPRECATED+UVM_OBJECT_MUST_HAVE_CONSTRUCTOR+
 option[49]: -picarchive
 option[50]: -P
 option[51]: /tools/synopsys/verdi/verdi/Verdi_O-2018.09-SP2/share/PLI/VCS/LINUX64/verdi.tab
 option[52]: -fsdb
 option[53]: -sverilog
 option[54]: -gen_obj
 option[55]: ../../rtl/ral/router.sv
 option[56]: ../../rtl/router_io.sv
 option[57]: ../../rtl/ral/host_io.sv
 option[58]: ../../rtl/reset_io.sv
 option[59]: ../../rtl/router_test_top.sv
 option[60]: ./packages/router_stimulus_pkg.sv
 option[61]: ./packages/router_env_pkg.sv
 option[62]: ./packages/router_test_pkg.sv
 option[63]: ./test.sv
 option[64]: -load
 option[65]: /tools/synopsys/verdi/verdi/Verdi_O-2018.09-SP2/share/PLI/VCS/LINUX64/libnovas.so:FSDBDumpCmd
 option[66]: timescale=1ns/100ps
Chronologic Simulation VCS Release O-2018.09-SP2_Full64
Linux 2.6.32-754.33.1.el6.x86_64 #1 SMP Tue Aug 25 15:29:40 UTC 2020 x86_64
CPU cores: 2
Limit information:
======================================
cputime		unlimited
filesize		unlimited
datasize		unlimited
stacksize		8250 kbytes
coredumpsize		0 kbytes
memoryuse		unlimited
vmemoryuse		unlimited
descriptors		4096
memorylocked		64 kbytes
maxproc		1024
======================================
(Special)Runtime environment variables:

Runtime environment variables:
DESKTOP_SESSION=gnome
QTDIR=/usr/lib64/qt-3.3
GTK_RC_FILES=/etc/gtk/gtkrc:/home/eda/.gtkrc-1.2-gnome2
SNOSLMD_LICENSE_FILE=27000@syn-eda
GDMSESSION=gnome
GDM_LANG=en_US.UTF-8
SHELL=/bin/bash
_=/usr/bin/make
HISTCONTROL=ignoredups
USERNAME=eda
DVE_HOME=/tools/synopsys/vcs-mx/vcs-mx/O-2018.09-SP2/gui/dve
GNOME_KEYRING_SOCKET=/tmp/keyring-GgFb59/socket
LESSOPEN=||/usr/bin/lesspipe.sh %s
FM_HOME=/tools/synopsys/lc/lc/O-2018.06-SP1
ORBIT_SOCKETDIR=/tmp/orbit-eda
PATH=/tools/synopsys/scl/scl/2018.06/linux64/bin:/tools/synopsys/scl/scl/2018.06/linux64/bin:/usr/lib64/qt-3.3/bin:/usr/local/bin:/usr/bin:/bin:/usr/local/sbin:/usr/sbin:/sbin:/usr/local/git/bin:/tools/synopsys/vcs-mx/vcs-mx/O-2018.09-SP2/gui/dve/bin:/tools/synopsys/vcs-mx/vcs-mx/O-2018.09-SP2/bin:/tools/synopsys/verdi/verdi/Verdi_O-2018.09-SP2/bin:/tools/synopsys/verdi/verdi/Verdi_O-2018.09-SP2/platform/LINUX64/bin:/tools/synopsys/dc/syn/O-2018.06-SP1/bin:/tools/synopsys/icc/icc/O-2018.06-SP1/bin:/tools/synopsys/pt/pts/O-2018.06-SP1/bin:/tools/synopsys/fm/fm/O-2018.06-SP1/bin:/tools/synopsys/lc/lc/O-2018.06-SP1/bin:/tools/synopsys/hspice/hspice/O-2018.09-SP2/hspice/bin:/tools/synopsys/startrc/starrc/O-2018.06-SP1/bin:/usr/local/git/bin:/home/eda/bin:/tools/synopsys/vcs-mx/vcs-mx/O-2018.09-SP2/gui/dve/bin:/tools/synopsys/vcs-mx/vcs-mx/O-2018.09-SP2/bin:/tools/synopsys/verdi/verdi/Verdi_O-2018.09-SP2/bin:/tools/synopsys/verdi/verdi/Verdi_O-2018.09-SP2/platform/LINUX64/bin:/tools/synopsys/dc/syn/O-2018.06-SP1/bin:/tools/synopsys/icc/icc/O-2018.06-SP1/bin:/tools/synopsys/pt/pts/O-2018.06-SP1/bin:/tools/synopsys/fm/fm/O-2018.06-SP1/bin:/tools/synopsys/lc/lc/O-2018.06-SP1/bin:/tools/synopsys/hspice/hspice/O-2018.09-SP2/hspice/bin:/tools/synopsys/startrc/starrc/O-2018.06-SP1/bin:/usr/local/git/bin
LM_LICENSE_FILE=27000@syn-eda
PT_HOME=/tools/synopsys/pt/pts/O-2018.06-SP1
SESSION_MANAGER=local/unix:@/tmp/.ICE-unix/2899,unix/unix:/tmp/.ICE-unix/2899
WINDOWID=44042245
ICC_HOME=/tools/synopsys/icc/icc/O-2018.06-SP1
FSDB_HOME=/tools/synopsys/verdi/verdi/Verdi_O-2018.09-SP2/share/PLI/VCS/LINUX64
LS_COLORS=rs=0:di=01;34:ln=01;36:mh=00:pi=40;33:so=01;35:do=01;35:bd=40;33;01:cd=40;33;01:or=40;31;01:mi=01;05;37;41:su=37;41:sg=30;43:ca=30;41:tw=30;42:ow=34;42:st=37;44:ex=01;32:*.tar=01;31:*.tgz=01;31:*.arj=01;31:*.taz=01;31:*.lzh=01;31:*.lzma=01;31:*.tlz=01;31:*.txz=01;31:*.zip=01;31:*.z=01;31:*.Z=01;31:*.dz=01;31:*.gz=01;31:*.lz=01;31:*.xz=01;31:*.bz2=01;31:*.tbz=01;31:*.tbz2=01;31:*.bz=01;31:*.tz=01;31:*.deb=01;31:*.rpm=01;31:*.jar=01;31:*.rar=01;31:*.ace=01;31:*.zoo=01;31:*.cpio=01;31:*.7z=01;31:*.rz=01;31:*.jpg=01;35:*.jpeg=01;35:*.gif=01;35:*.bmp=01;35:*.pbm=01;35:*.pgm=01;35:*.ppm=01;35:*.tga=01;35:*.xbm=01;35:*.xpm=01;35:*.tif=01;35:*.tiff=01;35:*.png=01;35:*.svg=01;35:*.svgz=01;35:*.mng=01;35:*.pcx=01;35:*.mov=01;35:*.mpg=01;35:*.mpeg=01;35:*.m2v=01;35:*.mkv=01;35:*.ogm=01;35:*.mp4=01;35:*.m4v=01;35:*.mp4v=01;35:*.vob=01;35:*.qt=01;35:*.nuv=01;35:*.wmv=01;35:*.asf=01;35:*.rm=01;35:*.rmvb=01;35:*.flc=01;35:*.avi=01;35:*.fli=01;35:*.flv=01;35:*.gl=01;35:*.dl=01;35:*.xcf=01;35:*.xwd=01;35:*.yuv=01;35:*.cgm=01;35:*.emf=01;35:*.axv=01;35:*.anx=01;35:*.ogv=01;35:*.ogx=01;35:*.aac=01;36:*.au=01;36:*.flac=01;36:*.mid=01;36:*.midi=01;36:*.mka=01;36:*.mp3=01;36:*.mpc=01;36:*.ogg=01;36:*.ra=01;36:*.wav=01;36:*.axa=01;36:*.oga=01;36:*.spx=01;36:*.xspf=01;36:
SSH_AUTH_SOCK=/tmp/keyring-GgFb59/socket.ssh
DISPLAY=:0.0
HOME=/home/eda
VCS_HOME=/tools/synopsys/vcs-mx/vcs-mx/O-2018.09-SP2
PWD=/home/eda/sty/uvm/ces_uvm-1.2_2016.06/solutions/lab6
VERDI_HOME=/tools/synopsys/verdi/verdi/Verdi_O-2018.09-SP2
G_BROKEN_FILENAMES=1
DBUS_SESSION_BUS_ADDRESS=unix:abstract=/tmp/dbus-iPtHqK7VFF,guid=54700ba4a9445d9d6bbc80960000002b
SYNOPSYS=/tools/synopsys
LD_LIBRARY_PATH=/tools/synopsys/verdi/verdi/Verdi_O-2018.09-SP2/share/PLI/VCS/LINUX
XDG_SESSION_COOKIE=52e1ee79dc54cf215e86c2c60000000a-1601889983.973463-1590666314
LOGNAME=eda
GDM_KEYBOARD_LAYOUT=us
HSPICE_HOME=/tools/synopsys/hspice/hspice/O-2018.09-SP2/hspice
GNOME_DESKTOP_SESSION_ID=this-is-deprecated
HOSTNAME=syn-eda
XAUTHORITY=/var/run/gdm/auth-for-eda-cTWzVn/database
VCS_TARGET_ARCH=amd64
SSH_ASKPASS=/usr/libexec/openssh/gnome-ssh-askpass
COLORTERM=gnome-terminal
VCS_ARCH_OVERRIDE=linux
SHLVL=2
USER=eda
QTLIB=/usr/lib64/qt-3.3/lib
GNOME_KEYRING_PID=2889
OLDPWD=/home/eda/sty/uvm/ces_uvm-1.2_2016.06/solutions
STA_HOME=/tools/synopsys/startrc/starrc/O-2018.06-SP1
CVS_RSH=ssh
MAKEFLAGS=
MFLAGS=
MAIL=/var/spool/mail/eda
DC_HOME=/tools/synopsys/dc/syn/O-2018.06-SP1
NOVAS_HOME=/tools/synopsys/verdi/verdi/Verdi_O-2018.09-SP2
HISTSIZE=1000
WINDOWPATH=1
QTINC=/usr/lib64/qt-3.3/include
LANG=en_US.UTF-8
TERM=xterm
MAKELEVEL=1
VCS_HEAP_EXEC=true
VCS_PATHMAP_PRELOAD_DONE=1
VCS_STACK_EXEC=true
VCS_EXEC_DONE=1
LC_ALL=C
DVE=/tools/synopsys/vcs-mx/vcs-mx/O-2018.09-SP2/gui/dve
SPECMAN_OUTPUT_TO_TTY=1
Runtime command line arguments:
argv[0]=./simv
argv[1]=+ntb_random_seed=1
argv[2]=-l
argv[3]=simv.log
argv[4]=+UVM_TESTNAME=test_base
argv[5]=+UVM_VERBOSITY=UVM_MEDIUM
argv[6]=+
argv[7]=+
argv[8]=+UVM_TR_RECORD
argv[9]=+UVM_LOG_RECORD
270 profile - 100
          CPU/Mem usage: 0.160 sys,  0.270 user,  290.06M mem
271 Mon Oct 19 06:25:13 2020
272 pliAppInit
273 FSDB_GATE is set.
274 FSDB_RTL is set.
275 Enable Parallel Dumping.
276 pliAppMiscSet: New Sim Round
277 pliEntryInit
278 LIBSSCORE=found /tools/synopsys/verdi/verdi/Verdi_O-2018.09-SP2/share/PLI/lib/LINUXAMD64/libsscore_vcs201809.so through $NOVAS_HOME setting.
279 FSDB Dumper for VCS, Release Verdi_O-2018.09-SP2, Linux x86_64/64bit, 02/21/2019
280 (C) 1996 - 2019 by Synopsys, Inc.
281 FSDB_VCS_ENABLE_FAST_VC is enable
282 sps_call_fsdbDumpvars_vd_main at 0 : ../../rtl/router_test_top.sv(11)
283 *Verdi* FSDB WARNING: The FSDB file already exists. Overwriting the FSDB file may crash the programs that are using this file.
284 *Verdi* : Create FSDB file 'novas.fsdb'
285 compile option from '/home/eda/sty/uvm/ces_uvm-1.2_2016.06/solutions/lab6/simv.daidir/vcs_rebuild'.
286   "vcs '-sverilog' '-lca' '-debug_access+all' '-kdb' '+vcs+vcdpluson' '-timescale=1ns/100ps' '-l' 'comp.log' '-ntb_opts' 'uvm-1.2' '../../rtl/ral/router.sv' '../../rtl/router_io.sv' '../../rtl/ral/host_io.sv' '../../rtl/reset_io.sv' '../../rtl/router_test_top.sv' './packages/router_stimulus_pkg.sv' './packages/router_env_pkg.sv' './packages/router_test_pkg.sv' './test.sv' '+define+UVM_NO_DEPRECATED+UVM_OBJECT_MUST_HAVE_CONSTRUCTOR+' 2>&1"
287 [spi_vcs_vd_ppi_create_root]: no upf option
288 FSDB dumper cannot dump UPF related power signal ($power_tree): no ppiPowerNetwork.
289 *Verdi* : Begin traversing the scopes, layer (0).
290 *Verdi* : End of traversing.
291 pliAppHDL_DumpVarComplete traverse var: profile - 
          CPU/Mem usage: 0.210 sys,  0.280 user,  384.74M mem
                   incr: 0.010 sys,  0.010 user,  7.14M mem
                   accu: 0.010 sys,  0.010 user,  7.14M mem
              accu incr: 0.010 sys,  0.010 user,  7.14M mem

          Count usage: 558 var,  545 idcode,  319 callback
                 incr: 558 var,  545 idcode,  319 callback
                 accu: 558 var,  545 idcode,  319 callback
            accu incr: 558 var,  545 idcode,  319 callback
292 Mon Oct 19 06:25:13 2020
293 pliAppHDL_DumpVarComplete: profile - 
          CPU/Mem usage: 0.210 sys,  0.280 user,  385.79M mem
                   incr: 0.000 sys,  0.000 user,  1.05M mem
                   accu: 0.010 sys,  0.010 user,  8.20M mem
              accu incr: 0.000 sys,  0.000 user,  1.05M mem

          Count usage: 558 var,  545 idcode,  319 callback
                 incr: 0 var,  0 idcode,  0 callback
                 accu: 558 var,  545 idcode,  319 callback
            accu incr: 0 var,  0 idcode,  0 callback
294 Mon Oct 19 06:25:13 2020
295 End of simulation at 1016500
296 Mon Oct 19 06:25:14 2020
297 Begin FSDB profile info:
298 FSDB Writer : bc1(8703) bcn(43887) mtf/stf(0/0)
FSDB Writer elapsed time : flush(0.015908) io wait(0.000000) theadpool wait(0.000000) target functin(0.000000)
FSDB Writer cpu time : MT Compression : 0
299 End FSDB profile info
300 Parallel profile    -  Flush:2 Expand:0 ProduceWait:0 ConsumerWait:0 BlockUsed:0
301                        ProduceTime:1.589836780 ConsumerTime:0.000000000 Buffer:64MB
302 SimExit
303 Sim process exit
