*design* DebussyLib (btIdent Verdi_O-2018.09-SP2)
Command arguments:
    +define+verilog
    -sverilog
    -ntb_opts uvm-1.2
    ../../rtl/router.sv
    ../../rtl/router_io.sv
    ../../rtl/ral/host_io.sv
    ../../rtl/reset_io.sv
    ../../rtl/router_test_top.sv
    ./packages/router_stimulus_pkg.sv
    ./packages/router_env_pkg.sv
    ./packages/router_test_pkg.sv
    ./test.sv
    -l simv.log
    +UVM_TESTNAME=test_base
    +UVM_VERBOSITY=UVM_MEDIUM
    +
    +
    +UVM_TR_RECORD
    +UVM_LOG_RECORD
    +ntb_random_seed=1

Highest level modules:
uvm_custom_install_recording
uvm_custom_install_verdi_recording
router_test_top
test

Total	0 error(s),   0 warning(s)
